
startup.bin: formato do arquivo binary
startup.bin
arquitetura: UNKNOWN!, sinalizações 0x00000000:

começar o endereço 0x00000000

Seções:
Idx Name          Tam.      VMA       LMA       File off  Algn
  0 .data         00000b1f  00000000  00000000  00000000  2**0
                  CONTENTS, ALLOC, LOAD, DATA
SYMBOL TABLE:
nenhum símbolo



Desmontagem da seção .data:

00000000 <.data>:
   0:	e59ff018 	ldr	pc, [pc, #24]	; 0x20
   4:	e59ff018 	ldr	pc, [pc, #24]	; 0x24
   8:	e59ff018 	ldr	pc, [pc, #24]	; 0x28
   c:	e59ff018 	ldr	pc, [pc, #24]	; 0x2c
  10:	e59ff018 	ldr	pc, [pc, #24]	; 0x30
  14:	e1a00000 	nop			; (mov r0, r0)
  18:	e59ff018 	ldr	pc, [pc, #24]	; 0x38
  1c:	e59ff018 	ldr	pc, [pc, #24]	; 0x3c
  20:	80000040 	andhi	r0, r0, r0, asr #32
  24:	4030ce24 	eorsmi	ip, r0, r4, lsr #28
  28:	4030ce28 	eorsmi	ip, r0, r8, lsr #28
  2c:	4030ce2c 	eorsmi	ip, r0, ip, lsr #28
  30:	4030ce30 	eorsmi	ip, r0, r0, lsr lr
  34:	e1a00000 	nop			; (mov r0, r0)
  38:	4030ce38 	eorsmi	ip, r0, r8, lsr lr
  3c:	4030ce3c 	eorsmi	ip, r0, ip, lsr lr
  40:	eb0001c2 	bl	0x750
  44:	e10f0000 	mrs	r0, CPSR
  48:	e3c0001f 	bic	r0, r0, #31
  4c:	e3800013 	orr	r0, r0, #19
  50:	e38000c0 	orr	r0, r0, #192	; 0xc0
  54:	e129f000 	msr	CPSR_fc, r0
  58:	e3a000d3 	mov	r0, #211	; 0xd3
  5c:	e121f000 	msr	CPSR_c, r0
  60:	e59fd174 	ldr	sp, [pc, #372]	; 0x1dc
  64:	e3a000d2 	mov	r0, #210	; 0xd2
  68:	e121f000 	msr	CPSR_c, r0
  6c:	e59fd16c 	ldr	sp, [pc, #364]	; 0x1e0
  70:	e3a000d1 	mov	r0, #209	; 0xd1
  74:	e121f000 	msr	CPSR_c, r0
  78:	e59fd164 	ldr	sp, [pc, #356]	; 0x1e4
  7c:	e3a000db 	mov	r0, #219	; 0xdb
  80:	e121f000 	msr	CPSR_c, r0
  84:	e59fd15c 	ldr	sp, [pc, #348]	; 0x1e8
  88:	e3a000d7 	mov	r0, #215	; 0xd7
  8c:	e121f000 	msr	CPSR_c, r0
  90:	e59fd154 	ldr	sp, [pc, #340]	; 0x1ec
  94:	e3a000df 	mov	r0, #223	; 0xdf
  98:	e121f000 	msr	CPSR_c, r0
  9c:	e59fd14c 	ldr	sp, [pc, #332]	; 0x1f0
  a0:	e59f014c 	ldr	r0, [pc, #332]	; 0x1f4
  a4:	e59f114c 	ldr	r1, [pc, #332]	; 0x1f8
  a8:	e5801000 	str	r1, [r0]
  ac:	e59f0148 	ldr	r0, [pc, #328]	; 0x1fc
  b0:	e59f1148 	ldr	r1, [pc, #328]	; 0x200
  b4:	e5801000 	str	r1, [r0]
  b8:	eb000188 	bl	0x6e0
  bc:	eb000057 	bl	0x220
  c0:	eb0001aa 	bl	0x770
  c4:	e10f0000 	mrs	r0, CPSR
  c8:	e3c00080 	bic	r0, r0, #128	; 0x80
  cc:	e129f000 	msr	CPSR_fc, r0
  d0:	e59f012c 	ldr	r0, [pc, #300]	; 0x204
  d4:	eb000137 	bl	0x5b8
  d8:	e59f0128 	ldr	r0, [pc, #296]	; 0x208
  dc:	eb000135 	bl	0x5b8
  e0:	e59f011c 	ldr	r0, [pc, #284]	; 0x204
  e4:	eb000133 	bl	0x5b8
  e8:	e59f011c 	ldr	r0, [pc, #284]	; 0x20c
  ec:	eb000131 	bl	0x5b8
  f0:	e59f0118 	ldr	r0, [pc, #280]	; 0x210
  f4:	e3a01602 	mov	r1, #2097152	; 0x200000
  f8:	e5801000 	str	r1, [r0]
  fc:	eb0000ed 	bl	0x4b8
 100:	e59f010c 	ldr	r0, [pc, #268]	; 0x214
 104:	e3a01602 	mov	r1, #2097152	; 0x200000
 108:	e5801000 	str	r1, [r0]
 10c:	eb0000e9 	bl	0x4b8
 110:	e59f00f8 	ldr	r0, [pc, #248]	; 0x210
 114:	e3a01501 	mov	r1, #4194304	; 0x400000
 118:	e5801000 	str	r1, [r0]
 11c:	eb0000e5 	bl	0x4b8
 120:	e59f00ec 	ldr	r0, [pc, #236]	; 0x214
 124:	e3a01501 	mov	r1, #4194304	; 0x400000
 128:	e5801000 	str	r1, [r0]
 12c:	eb0000e1 	bl	0x4b8
 130:	e59f00d8 	ldr	r0, [pc, #216]	; 0x210
 134:	e3a01502 	mov	r1, #8388608	; 0x800000
 138:	e5801000 	str	r1, [r0]
 13c:	eb0000dd 	bl	0x4b8
 140:	e59f00cc 	ldr	r0, [pc, #204]	; 0x214
 144:	e3a01502 	mov	r1, #8388608	; 0x800000
 148:	e5801000 	str	r1, [r0]
 14c:	eb0000d9 	bl	0x4b8
 150:	e59f00b8 	ldr	r0, [pc, #184]	; 0x210
 154:	e3a01401 	mov	r1, #16777216	; 0x1000000
 158:	e5801000 	str	r1, [r0]
 15c:	eb0000d5 	bl	0x4b8
 160:	e59f00ac 	ldr	r0, [pc, #172]	; 0x214
 164:	e3a01401 	mov	r1, #16777216	; 0x1000000
 168:	e5801000 	str	r1, [r0]
 16c:	eb0000d1 	bl	0x4b8
 170:	eaffffde 	b	0xf0
 174:	eaffffdd 	b	0xf0
 178:	e92d480f 	push	{r0, r1, r2, r3, fp, lr}
 17c:	e14fb000 	mrs	fp, SPSR
 180:	e59f0090 	ldr	r0, [pc, #144]	; 0x218
 184:	e5901040 	ldr	r1, [r0, #64]	; 0x40
 188:	e201107f 	and	r1, r1, #127	; 0x7f
 18c:	e3510048 	cmp	r1, #72	; 0x48
 190:	0b00003a 	bleq	0x280
 194:	e3510062 	cmp	r1, #98	; 0x62
 198:	0b0001c2 	bleq	0x8a8
 19c:	e59f0074 	ldr	r0, [pc, #116]	; 0x218
 1a0:	e3a01001 	mov	r1, #1
 1a4:	e5801048 	str	r1, [r0, #72]	; 0x48
 1a8:	f57ff04f 	dsb	sy
 1ac:	e169f00b 	msr	SPSR_fc, fp
 1b0:	e8fd880f 	ldm	sp!, {r0, r1, r2, r3, fp, pc}^
 1b4:	eafffffe 	b	0x1b4
 1b8:	eafffffe 	b	0x1b8
 1bc:	e92d5fff 	push	{r0, r1, r2, r3, r4, r5, r6, r7, r8, r9, sl, fp, ip, lr}
 1c0:	e51e0004 	ldr	r0, [lr, #-4]
 1c4:	e3c014ff 	bic	r1, r0, #-16777216	; 0xff000000
 1c8:	e1a00001 	mov	r0, r1
 1cc:	eb0000c8 	bl	0x4f4
 1d0:	e8fd9fff 	ldm	sp!, {r0, r1, r2, r3, r4, r5, r6, r7, r8, r9, sl, fp, ip, pc}^
 1d4:	eafffffe 	b	0x1d4
 1d8:	eafffffe 	b	0x1d8
 1dc:	80001100 	andhi	r1, r0, r0, lsl #2
 1e0:	80001200 	andhi	r1, r0, r0, lsl #4
 1e4:	80001300 	andhi	r1, r0, r0, lsl #6
 1e8:	80000f00 	andhi	r0, r0, r0, lsl #30
 1ec:	80001000 	andhi	r1, r0, r0
 1f0:	80000e00 	andhi	r0, r0, r0, lsl #28
 1f4:	80000038 	andhi	r0, r0, r8, lsr r0
 1f8:	80000178 	andhi	r0, r0, r8, ror r1
 1fc:	80000028 	andhi	r0, r0, r8, lsr #32
 200:	800001bc 			; <UNDEFINED> instruction: 0x800001bc
 204:	80000ac6 	andhi	r0, r0, r6, asr #21
 208:	800009e0 	andhi	r0, r0, r0, ror #19
 20c:	80000aaa 	andhi	r0, r0, sl, lsr #21
 210:	4804c194 	stmdami	r4, {r2, r4, r7, r8, lr, pc}
 214:	4804c190 	stmdami	r4, {r4, r7, r8, lr, pc}
 218:	48200000 	stmdami	r0!, {}	; <UNPREDICTABLE>
 21c:	00000000 	andeq	r0, r0, r0
 220:	e92d4003 	push	{r0, r1, lr}
 224:	e59f0150 	ldr	r0, [pc, #336]	; 0x37c
 228:	e3a01001 	mov	r1, #1
 22c:	e5c01004 	strb	r1, [r0, #4]
 230:	e59f0148 	ldr	r0, [pc, #328]	; 0x380
 234:	e3a01c01 	mov	r1, #256	; 0x100
 238:	e58010c8 	str	r1, [r0, #200]	; 0xc8
 23c:	e8bd8003 	pop	{r0, r1, pc}
 240:	e92d4006 	push	{r1, r2, lr}
 244:	e59f1130 	ldr	r1, [pc, #304]	; 0x37c
 248:	e5912014 	ldr	r2, [r1, #20]
 24c:	e2022020 	and	r2, r2, #32
 250:	e3520000 	cmp	r2, #0
 254:	0afffffb 	beq	0x248
 258:	e5c10000 	strb	r0, [r1]
 25c:	e8bd8006 	pop	{r1, r2, pc}
 260:	e92d4006 	push	{r1, r2, lr}
 264:	e59f1110 	ldr	r1, [pc, #272]	; 0x37c
 268:	e5912014 	ldr	r2, [r1, #20]
 26c:	e2022001 	and	r2, r2, #1
 270:	e3520000 	cmp	r2, #0
 274:	0afffffb 	beq	0x268
 278:	e5d10000 	ldrb	r0, [r1]
 27c:	e8bd8006 	pop	{r1, r2, pc}
 280:	e92d403f 	push	{r0, r1, r2, r3, r4, r5, lr}
 284:	ebfffff5 	bl	0x260
 288:	ebffffec 	bl	0x240
 28c:	e350000d 	cmp	r0, #13
 290:	03a00000 	moveq	r0, #0
 294:	e59f10e8 	ldr	r1, [pc, #232]	; 0x384
 298:	15c10000 	strbne	r0, [r1]
 29c:	1b000001 	blne	0x2a8
 2a0:	eb000013 	bl	0x2f4
 2a4:	e8bd803f 	pop	{r0, r1, r2, r3, r4, r5, pc}
 2a8:	e92d4007 	push	{r0, r1, r2, lr}
 2ac:	e59f10d0 	ldr	r1, [pc, #208]	; 0x384
 2b0:	e5d10000 	ldrb	r0, [r1]
 2b4:	e3a02031 	mov	r2, #49	; 0x31
 2b8:	e1500002 	cmp	r0, r2
 2bc:	0b000006 	bleq	0x2dc
 2c0:	e3a02032 	mov	r2, #50	; 0x32
 2c4:	e1500002 	cmp	r0, r2
 2c8:	0b00000f 	bleq	0x30c
 2cc:	e3a02033 	mov	r2, #51	; 0x33
 2d0:	e1500002 	cmp	r0, r2
 2d4:	0b000144 	bleq	0x7ec
 2d8:	e8bd8007 	pop	{r0, r1, r2, pc}
 2dc:	e92d4001 	push	{r0, lr}
 2e0:	e59f00a0 	ldr	r0, [pc, #160]	; 0x388
 2e4:	eb0000b3 	bl	0x5b8
 2e8:	e59f009c 	ldr	r0, [pc, #156]	; 0x38c
 2ec:	eb0000b1 	bl	0x5b8
 2f0:	e8bd8001 	pop	{r0, pc}
 2f4:	e92d4001 	push	{r0, lr}
 2f8:	e59f0088 	ldr	r0, [pc, #136]	; 0x388
 2fc:	eb0000ad 	bl	0x5b8
 300:	e59f0088 	ldr	r0, [pc, #136]	; 0x390
 304:	eb0000ab 	bl	0x5b8
 308:	e8bd8001 	pop	{r0, pc}
 30c:	e92d401f 	push	{r0, r1, r2, r3, r4, lr}
 310:	e59f0070 	ldr	r0, [pc, #112]	; 0x388
 314:	eb0000a7 	bl	0x5b8
 318:	e3a03000 	mov	r3, #0
 31c:	e3a00030 	mov	r0, #48	; 0x30
 320:	e92d0001 	stmfd	sp!, {r0}
 324:	e3a01001 	mov	r1, #1
 328:	e1a01e01 	lsl	r1, r1, #28
 32c:	e59f2060 	ldr	r2, [pc, #96]	; 0x394
 330:	e5922000 	ldr	r2, [r2]
 334:	e0012002 	and	r2, r1, r2
 338:	e3520000 	cmp	r2, #0
 33c:	1b000159 	blne	0x8a8
 340:	e8bd0001 	ldmfd	sp!, {r0}
 344:	1b00000b 	blne	0x378
 348:	ebffffbc 	bl	0x240
 34c:	eb000059 	bl	0x4b8
 350:	e3500039 	cmp	r0, #57	; 0x39
 354:	02800007 	addeq	r0, r0, #7
 358:	e2800001 	add	r0, r0, #1
 35c:	e1a04000 	mov	r4, r0
 360:	e3a00020 	mov	r0, #32
 364:	ebffffb5 	bl	0x240
 368:	e1a00004 	mov	r0, r4
 36c:	e2833001 	add	r3, r3, #1
 370:	e353000f 	cmp	r3, #15
 374:	daffffe9 	ble	0x320
 378:	e8bd801f 	pop	{r0, r1, r2, r3, r4, pc}
 37c:	44e09000 	strbtmi	r9, [r0], #0
 380:	48200000 	stmdami	r0!, {}	; <UNPREDICTABLE>
 384:	80000b38 	andhi	r0, r0, r8, lsr fp
 388:	80000b08 	andhi	r0, r0, r8, lsl #22
 38c:	80000b11 	andhi	r0, r0, r1, lsl fp
 390:	80000aaa 	andhi	r0, r0, sl, lsr #21
 394:	4804c02c 	stmdami	r4, {r2, r3, r5, lr, pc}
	...
 3a0:	e92d4007 	push	{r0, r1, r2, lr}
 3a4:	e3a02000 	mov	r2, #0
 3a8:	e3a0100a 	mov	r1, #10
 3ac:	e1500001 	cmp	r0, r1
 3b0:	ba000003 	blt	0x3c4
 3b4:	eb000012 	bl	0x404
 3b8:	e92d0002 	stmfd	sp!, {r1}
 3bc:	e2822001 	add	r2, r2, #1
 3c0:	eafffff8 	b	0x3a8
 3c4:	e2800030 	add	r0, r0, #48	; 0x30
 3c8:	ebffff9c 	bl	0x240
 3cc:	e3520000 	cmp	r2, #0
 3d0:	da000002 	ble	0x3e0
 3d4:	e2422001 	sub	r2, r2, #1
 3d8:	e8bd0001 	ldmfd	sp!, {r0}
 3dc:	eafffff8 	b	0x3c4
 3e0:	e8bd8007 	pop	{r0, r1, r2, pc}
 3e4:	e92d401c 	push	{r2, r3, r4, lr}
 3e8:	e1a02001 	mov	r2, r1
 3ec:	e0833000 	add	r3, r3, r0
 3f0:	e3520001 	cmp	r2, #1
 3f4:	e2422001 	sub	r2, r2, #1
 3f8:	1afffffb 	bne	0x3ec
 3fc:	e1a00003 	mov	r0, r3
 400:	e8bd801c 	pop	{r2, r3, r4, pc}
 404:	e92d401c 	push	{r2, r3, r4, lr}
 408:	e1a02000 	mov	r2, r0
 40c:	e1a03001 	mov	r3, r1
 410:	e3a00000 	mov	r0, #0
 414:	e1520003 	cmp	r2, r3
 418:	ba000002 	blt	0x428
 41c:	e0422003 	sub	r2, r2, r3
 420:	e2800001 	add	r0, r0, #1
 424:	eafffffa 	b	0x414
 428:	e1a01002 	mov	r1, r2
 42c:	e8bd801c 	pop	{r2, r3, r4, pc}
 430:	e92d4007 	push	{r0, r1, r2, lr}
 434:	e0811000 	add	r1, r1, r0
 438:	e3a02000 	mov	r2, #0
 43c:	e1500001 	cmp	r0, r1
 440:	b4802004 	strlt	r2, [r0], #4
 444:	bafffffc 	blt	0x43c
 448:	e8bd8007 	pop	{r0, r1, r2, pc}
 44c:	e92d400f 	push	{r0, r1, r2, r3, lr}
 450:	e1a02000 	mov	r2, r0
 454:	e1a03001 	mov	r3, r1
 458:	e59f0250 	ldr	r0, [pc, #592]	; 0x6b0
 45c:	e3a01002 	mov	r1, #2
 460:	fb000067 	blx	0x606
 464:	e1a00002 	mov	r0, r2
 468:	eb000021 	bl	0x4f4
 46c:	e59f0240 	ldr	r0, [pc, #576]	; 0x6b4
 470:	e3a01005 	mov	r1, #5
 474:	fb000062 	blx	0x606
 478:	e59f0230 	ldr	r0, [pc, #560]	; 0x6b0
 47c:	e3a01002 	mov	r1, #2
 480:	fb00005f 	blx	0x606
 484:	e4920004 	ldr	r0, [r2], #4
 488:	eb000019 	bl	0x4f4
 48c:	e59f0224 	ldr	r0, [pc, #548]	; 0x6b8
 490:	e3a01002 	mov	r1, #2
 494:	fb00005a 	blx	0x606
 498:	e2533004 	subs	r3, r3, #4
 49c:	1affffed 	bne	0x458
 4a0:	e8bd800f 	pop	{r0, r1, r2, r3, pc}
 4a4:	e3e0120f 	mvn	r1, #-268435456	; 0xf0000000
 4a8:	e2411001 	sub	r1, r1, #1
 4ac:	e3510000 	cmp	r1, #0
 4b0:	1afffffc 	bne	0x4a8
 4b4:	e12fff1e 	bx	lr
 4b8:	e92d4007 	push	{r0, r1, r2, lr}
 4bc:	e59f01f8 	ldr	r0, [pc, #504]	; 0x6bc
 4c0:	e5d01000 	ldrb	r1, [r0]
 4c4:	e5d02000 	ldrb	r2, [r0]
 4c8:	e1520001 	cmp	r2, r1
 4cc:	0afffffc 	beq	0x4c4
 4d0:	e8bd8007 	pop	{r0, r1, r2, pc}
 4d4:	e2800030 	add	r0, r0, #48	; 0x30
 4d8:	e12fff1e 	bx	lr
 4dc:	e2400030 	sub	r0, r0, #48	; 0x30
 4e0:	e12fff1e 	bx	lr
 4e4:	e92d4007 	push	{r0, r1, r2, lr}
 4e8:	e59f11d0 	ldr	r1, [pc, #464]	; 0x6c0
 4ec:	e7d10000 	ldrb	r0, [r1, r0]
 4f0:	e8bd8007 	pop	{r0, r1, r2, pc}
 4f4:	e92d400f 	push	{r0, r1, r2, r3, lr}
 4f8:	e1a01000 	mov	r1, r0
 4fc:	e3a00000 	mov	r0, #0
 500:	e3a0301c 	mov	r3, #28
 504:	e59f21b4 	ldr	r2, [pc, #436]	; 0x6c0
 508:	e1a00331 	lsr	r0, r1, r3
 50c:	e200000f 	and	r0, r0, #15
 510:	e7d20000 	ldrb	r0, [r2, r0]
 514:	ebffff49 	bl	0x240
 518:	e2533004 	subs	r3, r3, #4
 51c:	1afffff9 	bne	0x508
 520:	e1a00001 	mov	r0, r1
 524:	e200000f 	and	r0, r0, #15
 528:	e7d20000 	ldrb	r0, [r2, r0]
 52c:	ebffff43 	bl	0x240
 530:	e8bd800f 	pop	{r0, r1, r2, r3, pc}
 534:	e92d400e 	push	{r1, r2, r3, lr}
 538:	e1a02000 	mov	r2, r0
 53c:	e3a00000 	mov	r0, #0
 540:	e3510000 	cmp	r1, #0
 544:	0a000003 	beq	0x558
 548:	e4d23001 	ldrb	r3, [r2], #1
 54c:	e0800003 	add	r0, r0, r3
 550:	e2411001 	sub	r1, r1, #1
 554:	eafffff9 	b	0x540
 558:	e8bd800e 	pop	{r1, r2, r3, pc}
 55c:	e92d401e 	push	{r1, r2, r3, r4, lr}
 560:	e1a04001 	mov	r4, r1
 564:	e1a01002 	mov	r1, r2
 568:	ebfffff1 	bl	0x534
 56c:	e1a03000 	mov	r3, r0
 570:	e1a00004 	mov	r0, r4
 574:	ebffffee 	bl	0x534
 578:	e0430000 	sub	r0, r3, r0
 57c:	e8bd801e 	pop	{r1, r2, r3, r4, pc}
 580:	e92d407e 	push	{r1, r2, r3, r4, r5, r6, lr}
 584:	e1a03000 	mov	r3, r0
 588:	e1a04001 	mov	r4, r1
 58c:	e1a00002 	mov	r0, r2
 590:	e3520000 	cmp	r2, #0
 594:	0a000006 	beq	0x5b4
 598:	e4d35001 	ldrb	r5, [r3], #1
 59c:	e4d46001 	ldrb	r6, [r4], #1
 5a0:	e1550006 	cmp	r5, r6
 5a4:	1a000002 	bne	0x5b4
 5a8:	e2400001 	sub	r0, r0, #1
 5ac:	e2422001 	sub	r2, r2, #1
 5b0:	eafffff6 	b	0x590
 5b4:	e8bd807e 	pop	{r1, r2, r3, r4, r5, r6, pc}
 5b8:	e92d4007 	push	{r0, r1, r2, lr}
 5bc:	e1a01000 	mov	r1, r0
 5c0:	e4d10001 	ldrb	r0, [r1], #1
 5c4:	e20000ff 	and	r0, r0, #255	; 0xff
 5c8:	e3500000 	cmp	r0, #0
 5cc:	0a000001 	beq	0x5d8
 5d0:	ebffff1a 	bl	0x240
 5d4:	eafffff9 	b	0x5c0
 5d8:	e8bd8007 	pop	{r0, r1, r2, pc}
 5dc:	e92d4006 	push	{r1, r2, lr}
 5e0:	e59f10dc 	ldr	r1, [pc, #220]	; 0x6c4
 5e4:	e1a02001 	mov	r2, r1
 5e8:	e4d21001 	ldrb	r1, [r2], #1
 5ec:	e20110ff 	and	r1, r1, #255	; 0xff
 5f0:	e3510000 	cmp	r1, #0
 5f4:	0a000001 	beq	0x600
 5f8:	ebffff10 	bl	0x240
 5fc:	eafffff9 	b	0x5e8
 600:	e8bd8006 	pop	{r1, r2, pc}
 604:	0700203e 	smladxeq	r0, lr, r0, r2
 608:	00e92d40 	rsceq	r2, r9, r0, asr #26
 60c:	01e1a020 	mvneq	sl, r0, lsr #32
 610:	09e4d200 	stmibeq	r4!, {r9, ip, lr, pc}^
 614:	01ebffff 	strdeq	pc, [fp, #255]!	; 0xff
 618:	00e25110 	rsceq	r5, r2, r0, lsl r1
 61c:	fa0a0000 	blx	0x280624
 620:	07eaffff 			; <UNDEFINED> instruction: 0x07eaffff
 624:	99e8bd80 	stmibls	r8!, {r7, r8, sl, fp, ip, sp, pc}^
 628:	f0e59fc0 			; <UNDEFINED> instruction: 0xf0e59fc0
 62c:	00e8ac4f 	rsceq	sl, r8, pc, asr #24
 630:	00e1a040 	rsceq	sl, r1, r0, asr #32
 634:	01e3a050 	mvneq	sl, r0, asr r0
 638:	25e4d400 	strbcs	sp, [r4, #1024]!	; 0x400
 63c:	03e35000 	mvneq	r5, #0
 640:	000a0000 	andeq	r0, sl, r0
 644:	17e35000 	strbne	r5, [r3, r0]!
 648:	fb0a0000 	blx	0x280652
 64c:	f8ebfffe 			; <UNDEFINED> instruction: 0xf8ebfffe
 650:	01eaffff 	strdeq	pc, [sl, #255]!	; 0xff
 654:	01e28550 	mvneq	r8, r0, asr r5
 658:	01e35500 	mvneq	r5, r0, lsl #10
 65c:	0601a000 	streq	sl, [r1], -r0
 660:	020a0000 	andeq	r0, sl, #0
 664:	02e35500 	rsceq	r5, r3, #0, 10
 668:	0301a000 	movweq	sl, #4096	; 0x1000
 66c:	030a0000 	movweq	r0, #40960	; 0xa000
 670:	03e35500 	mvneq	r5, #0, 10
 674:	0001a000 	andeq	sl, r1, r0
 678:	010a0000 	mrseq	r0, (UNDEF: 10)
 67c:	01e8bd00 	mvneq	fp, r0, lsl #26
 680:	73e4d460 	mvnvc	sp, #96, 8	; 0x60000000
 684:	3de35600 	stclcc	6, cr5, [r3]
 688:	64059f70 	strvs	r9, [r5], #-3952	; 0xfffff090
 68c:	39e35600 	stmibcc	r3!, {r9, sl, ip, lr}^
 690:	63059f70 	movwvs	r9, #24432	; 0x5f70
 694:	35e35600 	strbcc	r5, [r3, #1536]!	; 0x600
 698:	78059f70 	stmdavc	r5, {r4, r5, r6, r8, r9, sl, fp, ip, pc}
 69c:	31e35600 	mvncc	r5, r0, lsl #12
 6a0:	37059f70 	smlsdxcc	r5, r0, pc, r9	; <UNPREDICTABLE>
 6a4:	e2e12fff 	rsc	r2, r1, #1020	; 0x3fc
 6a8:	f0eaffff 			; <UNDEFINED> instruction: 0xf0eaffff
 6ac:	00e93c8f 	rsceq	r3, r9, pc, lsl #25
 6b0:	80000b05 	andhi	r0, r0, r5, lsl #22
 6b4:	80000b0b 	andhi	r0, r0, fp, lsl #22
 6b8:	80000b08 	andhi	r0, r0, r8, lsl #22
 6bc:	44e3e000 	strbtmi	lr, [r3], #0
 6c0:	80000ab5 			; <UNDEFINED> instruction: 0x80000ab5
 6c4:	80000604 	andhi	r0, r0, r4, lsl #12
 6c8:	80000b60 	andhi	r0, r0, r0, ror #22
 6cc:	800005b8 			; <UNDEFINED> instruction: 0x800005b8
 6d0:	800003a0 	andhi	r0, r0, r0, lsr #7
 6d4:	80000240 	andhi	r0, r0, r0, asr #4
 6d8:	800004f4 	strdhi	r0, [r0], -r4
 6dc:	00000000 	andeq	r0, r0, r0
 6e0:	e92d4003 	push	{r0, r1, lr}
 6e4:	e59f004c 	ldr	r0, [pc, #76]	; 0x738
 6e8:	e59f104c 	ldr	r1, [pc, #76]	; 0x73c
 6ec:	e5801048 	str	r1, [r0, #72]	; 0x48
 6f0:	eb000003 	bl	0x704
 6f4:	e59f1044 	ldr	r1, [pc, #68]	; 0x740
 6f8:	e5801048 	str	r1, [r0, #72]	; 0x48
 6fc:	eb000000 	bl	0x704
 700:	e8bd8003 	pop	{r0, r1, pc}
 704:	e5901034 	ldr	r1, [r0, #52]	; 0x34
 708:	e2011010 	and	r1, r1, #16
 70c:	e3510000 	cmp	r1, #0
 710:	1afffffb 	bne	0x704
 714:	e12fff1e 	bx	lr
 718:	e92d4003 	push	{r0, r1, lr}
 71c:	e59f1014 	ldr	r1, [pc, #20]	; 0x738
 720:	e3a00028 	mov	r0, #40	; 0x28
 724:	e0811000 	add	r1, r1, r0
 728:	e5910000 	ldr	r0, [r1]
 72c:	e3e00000 	mvn	r0, #0
 730:	e5810000 	str	r0, [r1]
 734:	e8bd8003 	pop	{r0, r1, pc}
 738:	44e35000 	strbtmi	r5, [r3], #0
 73c:	0000aaaa 	andeq	sl, r0, sl, lsr #21
 740:	00005555 	andeq	r5, r0, r5, asr r5
	...
 750:	e92d4007 	push	{r0, r1, r2, lr}
 754:	ee110f10 	mrc	15, 0, r0, cr1, cr0, {0}
 758:	e3c00a02 	bic	r0, r0, #8192	; 0x2000
 75c:	ee010f10 	mcr	15, 0, r0, cr1, cr0, {0}
 760:	e59f0004 	ldr	r0, [pc, #4]	; 0x76c
 764:	ee0c0f10 	mcr	15, 0, r0, cr12, cr0, {0}
 768:	e8bd8007 	pop	{r0, r1, r2, pc}
 76c:	80000000 	andhi	r0, r0, r0
 770:	e59f0154 	ldr	r0, [pc, #340]	; 0x8cc
 774:	e59f1154 	ldr	r1, [pc, #340]	; 0x8d0
 778:	e5801000 	str	r1, [r0]
 77c:	e59f0150 	ldr	r0, [pc, #336]	; 0x8d4
 780:	e5901000 	ldr	r1, [r0]
 784:	e3c1161e 	bic	r1, r1, #31457280	; 0x1e00000
 788:	e5801000 	str	r1, [r0]
 78c:	e59f0140 	ldr	r0, [pc, #320]	; 0x8d4
 790:	e5901000 	ldr	r1, [r0]
 794:	e3811201 	orr	r1, r1, #268435456	; 0x10000000
 798:	e5801000 	str	r1, [r0]
 79c:	e59f0134 	ldr	r0, [pc, #308]	; 0x8d8
 7a0:	e5901000 	ldr	r1, [r0]
 7a4:	e3811201 	orr	r1, r1, #268435456	; 0x10000000
 7a8:	e5801000 	str	r1, [r0]
 7ac:	e59f0128 	ldr	r0, [pc, #296]	; 0x8dc
 7b0:	e5901000 	ldr	r1, [r0]
 7b4:	e3811201 	orr	r1, r1, #268435456	; 0x10000000
 7b8:	e5801000 	str	r1, [r0]
 7bc:	e59f011c 	ldr	r0, [pc, #284]	; 0x8e0
 7c0:	e3a01004 	mov	r1, #4
 7c4:	e5801000 	str	r1, [r0]
 7c8:	e12fff1e 	bx	lr
 7cc:	e59f0110 	ldr	r0, [pc, #272]	; 0x8e4
 7d0:	e3a01602 	mov	r1, #2097152	; 0x200000
 7d4:	e5801000 	str	r1, [r0]
 7d8:	e12fff1e 	bx	lr
 7dc:	e59f0104 	ldr	r0, [pc, #260]	; 0x8e8
 7e0:	e3a01602 	mov	r1, #2097152	; 0x200000
 7e4:	e5801000 	str	r1, [r0]
 7e8:	e12fff1e 	bx	lr
 7ec:	e92d4007 	push	{r0, r1, r2, lr}
 7f0:	e59f00f4 	ldr	r0, [pc, #244]	; 0x8ec
 7f4:	ebffff6f 	bl	0x5b8
 7f8:	e3a01000 	mov	r1, #0
 7fc:	e3a02000 	mov	r2, #0
 800:	e92d0007 	push	{r0, r1, r2}
 804:	e3a01001 	mov	r1, #1
 808:	e1a01e01 	lsl	r1, r1, #28
 80c:	e59f20dc 	ldr	r2, [pc, #220]	; 0x8f0
 810:	e5922000 	ldr	r2, [r2]
 814:	e0012002 	and	r2, r1, r2
 818:	e3520000 	cmp	r2, #0
 81c:	1b000021 	blne	0x8a8
 820:	e8bd0007 	pop	{r0, r1, r2}
 824:	1b000017 	blne	0x888
 828:	83a02000 	movhi	r2, #0
 82c:	e59f00b0 	ldr	r0, [pc, #176]	; 0x8e4
 830:	e1a01002 	mov	r1, r2
 834:	e1a01a81 	lsl	r1, r1, #21
 838:	e5801000 	str	r1, [r0]
 83c:	ebffff1d 	bl	0x4b8
 840:	e92d0007 	push	{r0, r1, r2}
 844:	e3a01001 	mov	r1, #1
 848:	e1a01e01 	lsl	r1, r1, #28
 84c:	e59f209c 	ldr	r2, [pc, #156]	; 0x8f0
 850:	e5922000 	ldr	r2, [r2]
 854:	e0012002 	and	r2, r1, r2
 858:	e3520000 	cmp	r2, #0
 85c:	1b000011 	blne	0x8a8
 860:	e8bd0007 	pop	{r0, r1, r2}
 864:	1b000007 	blne	0x888
 868:	e59f0078 	ldr	r0, [pc, #120]	; 0x8e8
 86c:	e1a01002 	mov	r1, r2
 870:	e1a01a81 	lsl	r1, r1, #21
 874:	e5801000 	str	r1, [r0]
 878:	e2822001 	add	r2, r2, #1
 87c:	ebffff0d 	bl	0x4b8
 880:	e352000f 	cmp	r2, #15
 884:	daffffdd 	ble	0x800
 888:	e59f0058 	ldr	r0, [pc, #88]	; 0x8e8
 88c:	e3a01501 	mov	r1, #4194304	; 0x400000
 890:	e5801000 	str	r1, [r0]
 894:	e3a01502 	mov	r1, #8388608	; 0x800000
 898:	e5801000 	str	r1, [r0]
 89c:	e3a01401 	mov	r1, #16777216	; 0x1000000
 8a0:	e5801000 	str	r1, [r0]
 8a4:	e8bd8007 	pop	{r0, r1, r2, pc}
 8a8:	e92d4003 	push	{r0, r1, lr}
 8ac:	e59f003c 	ldr	r0, [pc, #60]	; 0x8f0
 8b0:	e3a01201 	mov	r1, #268435456	; 0x10000000
 8b4:	e5801000 	str	r1, [r0]
 8b8:	e59f0034 	ldr	r0, [pc, #52]	; 0x8f4
 8bc:	e3a01001 	mov	r1, #1
 8c0:	e5801000 	str	r1, [r0]
 8c4:	e8bd8003 	pop	{r0, r1, pc}
 8c8:	00000000 	andeq	r0, r0, r0
 8cc:	44e000ac 	strbtmi	r0, [r0], #172	; 0xac
 8d0:	00040002 	andeq	r0, r4, r2
 8d4:	4804c134 	stmdami	r4, {r2, r4, r5, r8, lr, pc}
 8d8:	4804c034 	stmdami	r4, {r2, r4, r5, lr, pc}
 8dc:	4804c148 	stmdami	r4, {r3, r6, r8, lr, pc}
 8e0:	482000e8 	stmdami	r0!, {r3, r5, r6, r7}
 8e4:	4804c194 	stmdami	r4, {r2, r4, r7, r8, lr, pc}
 8e8:	4804c190 	stmdami	r4, {r4, r7, r8, lr, pc}
 8ec:	80000b08 	andhi	r0, r0, r8, lsl #22
 8f0:	4804c02c 	stmdami	r4, {r2, r3, r5, lr, pc}
 8f4:	800008c8 	andhi	r0, r0, r8, asr #17
	...
 900:	e92d4003 	push	{r0, r1, lr}
 904:	e59f00bc 	ldr	r0, [pc, #188]	; 0x9c8
 908:	e3a01002 	mov	r1, #2
 90c:	e5801000 	str	r1, [r0]
 910:	e59f00b4 	ldr	r0, [pc, #180]	; 0x9cc
 914:	e5801000 	str	r1, [r0]
 918:	e59f00b0 	ldr	r0, [pc, #176]	; 0x9d0
 91c:	e59f10b0 	ldr	r1, [pc, #176]	; 0x9d4
 920:	e580106c 	str	r1, [r0, #108]	; 0x6c
 924:	e59f10ac 	ldr	r1, [pc, #172]	; 0x9d8
 928:	e5801070 	str	r1, [r0, #112]	; 0x70
 92c:	e3a01048 	mov	r1, #72	; 0x48
 930:	e5801054 	str	r1, [r0, #84]	; 0x54
 934:	e59f0094 	ldr	r0, [pc, #148]	; 0x9d0
 938:	e3a01001 	mov	r1, #1
 93c:	e5801040 	str	r1, [r0, #64]	; 0x40
 940:	e5901044 	ldr	r1, [r0, #68]	; 0x44
 944:	e2011001 	and	r1, r1, #1
 948:	e3510000 	cmp	r1, #0
 94c:	1afffffb 	bne	0x940
 950:	e8bd8003 	pop	{r0, r1, pc}
 954:	e92d4007 	push	{r0, r1, r2, lr}
 958:	e1a02000 	mov	r2, r0
 95c:	e2020070 	and	r0, r2, #112	; 0x70
 960:	e1a00220 	lsr	r0, r0, #4
 964:	ebfffeda 	bl	0x4d4
 968:	ebfffe34 	bl	0x240
 96c:	e202000f 	and	r0, r2, #15
 970:	e2800030 	add	r0, r0, #48	; 0x30
 974:	ebfffe31 	bl	0x240
 978:	e8bd8007 	pop	{r0, r1, r2, pc}
 97c:	e92d4007 	push	{r0, r1, r2, lr}
 980:	e59f1048 	ldr	r1, [pc, #72]	; 0x9d0
 984:	e5910008 	ldr	r0, [r1, #8]
 988:	ebfffff1 	bl	0x954
 98c:	e3a0003a 	mov	r0, #58	; 0x3a
 990:	ebfffe2a 	bl	0x240
 994:	e5910004 	ldr	r0, [r1, #4]
 998:	ebffffed 	bl	0x954
 99c:	e3a0003a 	mov	r0, #58	; 0x3a
 9a0:	ebfffe26 	bl	0x240
 9a4:	e5910000 	ldr	r0, [r1]
 9a8:	ebffffe9 	bl	0x954
 9ac:	e3a0000d 	mov	r0, #13
 9b0:	ebfffe22 	bl	0x240
 9b4:	e8bd8007 	pop	{r0, r1, r2, pc}
 9b8:	e92d4007 	push	{r0, r1, r2, lr}
 9bc:	e3590001 	cmp	r9, #1
 9c0:	0bffffed 	bleq	0x97c
 9c4:	e8bd8007 	pop	{r0, r1, r2, pc}
 9c8:	44e00804 	strbtmi	r0, [r0], #2052	; 0x804
 9cc:	44e00800 	strbtmi	r0, [r0], #2048	; 0x800
 9d0:	44e3e000 	strbtmi	lr, [r3], #0
 9d4:	83e70b13 	mvnhi	r0, #19456	; 0x4c00
 9d8:	95a4f1e0 	strls	pc, [r4, #480]!	; 0x1e0
 9dc:	00000000 	andeq	r0, r0, r0
 9e0:	203e2d31 	eorscs	r2, lr, r1, lsr sp
 9e4:	69676964 	stmdbvs	r7!, {r2, r5, r6, r8, fp, sp, lr}^
 9e8:	27206574 			; <UNDEFINED> instruction: 0x27206574
 9ec:	70202731 	eorvc	r2, r0, r1, lsr r7
 9f0:	20617261 	rsbcs	r7, r1, r1, ror #4
 9f4:	72706d69 	rsbsvc	r6, r0, #6720	; 0x1a40
 9f8:	72696d69 	rsbvc	r6, r9, #6720	; 0x1a40
 9fc:	6c656820 	stclvs	8, cr6, [r5], #-128	; 0xffffff80
 a00:	77206f6c 	strvc	r6, [r0, -ip, ror #30]!
 a04:	646c726f 	strbtvs	r7, [ip], #-623	; 0xfffffd91
 a08:	0d0a202e 	stceq	0, cr2, [sl, #-184]	; 0xffffff48
 a0c:	3e2d3220 	cdpcc	2, 2, cr3, cr13, cr0, {1}
 a10:	67696420 	strbvs	r6, [r9, -r0, lsr #8]!
 a14:	20657469 	rsbcs	r7, r5, r9, ror #8
 a18:	20273227 	eorcs	r3, r7, r7, lsr #4
 a1c:	61726170 	cmnvs	r2, r0, ror r1
 a20:	706d6920 	rsbvc	r6, sp, r0, lsr #18
 a24:	696d6972 	stmdbvs	sp!, {r1, r4, r5, r6, r8, fp, sp, lr}^
 a28:	6f632072 	svcvs	0x00632072
 a2c:	6761746e 	strbvs	r7, [r1, -lr, ror #8]!
 a30:	68206d65 	stmdavs	r0!, {r0, r2, r5, r6, r8, sl, fp, sp, lr}
 a34:	2e617865 	cdpcs	8, 6, cr7, cr1, cr5, {3}
 a38:	200d0a20 	andcs	r0, sp, r0, lsr #20
 a3c:	203e2d33 	eorscs	r2, lr, r3, lsr sp
 a40:	69676964 	stmdbvs	r7!, {r2, r5, r6, r8, fp, sp, lr}^
 a44:	27206574 			; <UNDEFINED> instruction: 0x27206574
 a48:	70202733 	eorvc	r2, r0, r3, lsr r7
 a4c:	20617261 	rsbcs	r7, r1, r1, ror #4
 a50:	72706d69 	rsbsvc	r6, r0, #6720	; 0x1a40
 a54:	72696d69 	rsbvc	r6, r9, #6720	; 0x1a40
 a58:	78656820 	stmdavc	r5!, {r5, fp, sp, lr}^
 a5c:	6d652061 	stclvs	0, cr2, [r5, #-388]!	; 0xfffffe7c
 a60:	6e696220 	cdpvs	2, 6, cr6, cr9, cr0, {1}
 a64:	6f697261 	svcvs	0x00697261
 a68:	736f6e20 	cmnvc	pc, #32, 28	; 0x200
 a6c:	64656c20 	strbtvs	r6, [r5], #-3104	; 0xfffff3e0
 a70:	0a202e73 	beq	0x80c444
 a74:	2d34200d 	ldccs	0, cr2, [r4, #-52]!	; 0xffffffcc
 a78:	7270203e 	rsbsvc	r2, r0, #62	; 0x3e
 a7c:	6f697365 	svcvs	0x00697365
 a80:	6f20656e 	svcvs	0x0020656e
 a84:	746f6220 	strbtvc	r6, [pc], #-544	; 0xa8c
 a88:	206fa3c3 	rsbcs	sl, pc, r3, asr #7
 a8c:	61726170 	cmnvs	r2, r0, ror r1
 a90:	6c6f7620 	stclvs	6, cr7, [pc], #-128	; 0xa18
 a94:	20726174 	rsbscs	r6, r2, r4, ror r1
 a98:	61726170 	cmnvs	r2, r0, ror r1
 a9c:	69206f20 	stmdbvs	r0!, {r5, r8, r9, sl, fp, sp, lr}
 aa0:	6963696e 	stmdbvs	r3!, {r1, r2, r3, r5, r6, r8, fp, sp, lr}^
 aa4:	0a202e6f 	beq	0x80c468
 aa8:	7261000d 	rsbvc	r0, r1, #13
 aac:	72756874 	rsbsvc	r6, r5, #116, 16	; 0x740000
 ab0:	203a7e40 	eorscs	r7, sl, r0, asr #28
 ab4:	32313000 	eorscc	r3, r1, #0
 ab8:	36353433 			; <UNDEFINED> instruction: 0x36353433
 abc:	41393837 	teqmi	r9, r7, lsr r8
 ac0:	45444342 	strbmi	r4, [r4, #-834]	; 0xfffffcbe
 ac4:	5f5f0046 	svcpl	0x005f0046
 ac8:	5f5f5f5f 	svcpl	0x005f5f5f
 acc:	5f5f5f5f 	svcpl	0x005f5f5f
 ad0:	5f5f5f5f 	svcpl	0x005f5f5f
 ad4:	5f5f5f5f 	svcpl	0x005f5f5f
 ad8:	5f5f5f5f 	svcpl	0x005f5f5f
 adc:	5f5f5f5f 	svcpl	0x005f5f5f
 ae0:	5f5f5f5f 	svcpl	0x005f5f5f
 ae4:	5f5f5f5f 	svcpl	0x005f5f5f
 ae8:	5f5f5f5f 	svcpl	0x005f5f5f
 aec:	5f5f5f5f 	svcpl	0x005f5f5f
 af0:	5f5f5f5f 	svcpl	0x005f5f5f
 af4:	5f5f5f5f 	svcpl	0x005f5f5f
 af8:	5f5f5f5f 	svcpl	0x005f5f5f
 afc:	5f5f5f5f 	svcpl	0x005f5f5f
 b00:	0d0a5f5f 	stceq	15, cr5, [sl, #-380]	; 0xfffffe84
 b04:	00783000 	rsbseq	r3, r8, r0
 b08:	20000d0a 	andcs	r0, r0, sl, lsl #26
 b0c:	20203a20 	eorcs	r3, r0, r0, lsr #20
 b10:	6c654800 	stclvs	8, cr4, [r5], #-0
 b14:	202c6f6c 	eorcs	r6, ip, ip, ror #30
 b18:	6c726f57 	ldclvs	15, cr6, [r2], #-348	; 0xfffffea4
 b1c:	Address 0x0000000000000b1c is out of bounds.

